# JRE version: OpenJDK Runtime Environment (8.0_191-b12) (build 1.8.0_191-b12)
# Java VM: OpenJDK 64-Bit Server VM (25.191-b12 mixed mode linux-amd64 compressed oops)
Heap:
 PSYoungGen      total 802304K, used 320K [0x000000076f100000, 0x00000007a0c00000, 0x00000007c0000000)
  eden space 791040K, 0% used [0x000000076f100000,0x000000076f100000,0x000000079f580000)
  from space 11264K, 2% used [0x000000079f580000,0x000000079f5d0010,0x00000007a0080000)
  to   space 10752K, 0% used [0x00000007a0080000,0x00000007a0080000,0x00000007a0b00000)
 ParOldGen       total 166912K, used 10368K [0x00000006cd200000, 0x00000006d7500000, 0x000000076f100000)
  object space 166912K, 6% used [0x00000006cd200000,0x00000006cdc20038,0x00000006d7500000)
 Metaspace       used 12700K, capacity 13084K, committed 13184K, reserved 1060864K
  class space    used 1277K, capacity 1388K, committed 1408K, reserved 1048576K
GC Heap History (21 events):
Event: 56.165 GC heap before
{Heap before GC invocations=1 (full 0):
 PSYoungGen      total 72704K, used 62464K [0x000000076f100000, 0x0000000774200000, 0x00000007c0000000)
  eden space 62464K, 100% used [0x000000076f100000,0x0000000772e00000,0x0000000772e00000)
  from space 10240K, 0% used [0x0000000773800000,0x0000000773800000,0x0000000774200000)
  to   space 10240K, 0% used [0x0000000772e00000,0x0000000772e00000,0x0000000773800000)
 ParOldGen       total 166912K, used 0K [0x00000006cd200000, 0x00000006d7500000, 0x000000076f100000)
  object space 166912K, 0% used [0x00000006cd200000,0x00000006cd200000,0x00000006d7500000)
 Metaspace       used 12105K, capacity 12424K, committed 12672K, reserved 1060864K
  class space    used 1230K, capacity 1328K, committed 1408K, reserved 1048576K
Event: 56.234 GC heap after
Heap after GC invocations=1 (full 0):
 PSYoungGen      total 72704K, used 3296K [0x000000076f100000, 0x0000000774200000, 0x00000007c0000000)
  eden space 62464K, 0% used [0x000000076f100000,0x000000076f100000,0x0000000772e00000)
  from space 10240K, 32% used [0x0000000772e00000,0x0000000773138030,0x0000000773800000)
  to   space 10240K, 0% used [0x0000000773800000,0x0000000773800000,0x0000000774200000)
 ParOldGen       total 166912K, used 224K [0x00000006cd200000, 0x00000006d7500000, 0x000000076f100000)
  object space 166912K, 0% used [0x00000006cd200000,0x00000006cd238020,0x00000006d7500000)
 Metaspace       used 12105K, capacity 12424K, committed 12672K, reserved 1060864K
  class space    used 1230K, capacity 1328K, committed 1408K, reserved 1048576K
}
Event: 73.945 GC heap before
{Heap before GC invocations=2 (full 0):
 PSYoungGen      total 72704K, used 65760K [0x000000076f100000, 0x0000000774200000, 0x00000007c0000000)
  eden space 62464K, 100% used [0x000000076f100000,0x0000000772e00000,0x0000000772e00000)
  from space 10240K, 32% used [0x0000000772e00000,0x0000000773138030,0x0000000773800000)
  to   space 10240K, 0% used [0x0000000773800000,0x0000000773800000,0x0000000774200000)
 ParOldGen       total 166912K, used 224K [0x00000006cd200000, 0x00000006d7500000, 0x000000076f100000)
  object space 166912K, 0% used [0x00000006cd200000,0x00000006cd238020,0x00000006d7500000)
 Metaspace       used 12504K, capacity 12854K, committed 12928K, reserved 1060864K
  class space    used 1267K, capacity 1377K, committed 1408K, reserved 1048576K
Event: 73.951 GC heap after
Heap after GC invocations=2 (full 0):
 PSYoungGen      total 72704K, used 4046K [0x000000076f100000, 0x0000000774200000, 0x00000007c0000000)
  eden space 62464K, 0% used [0x000000076f100000,0x000000076f100000,0x0000000772e00000)
  from space 10240K, 39% used [0x0000000773800000,0x0000000773bf3a00,0x0000000774200000)
  to   space 10240K, 0% used [0x0000000772e00000,0x0000000772e00000,0x0000000773800000)
 ParOldGen       total 166912K, used 232K [0x00000006cd200000, 0x00000006d7500000, 0x000000076f100000)
  object space 166912K, 0% used [0x00000006cd200000,0x00000006cd23a020,0x00000006d7500000)
 Metaspace       used 12504K, capacity 12854K, committed 12928K, reserved 1060864K
  class space    used 1267K, capacity 1377K, committed 1408K, reserved 1048576K
}
Event: 74.036 GC heap before
{Heap before GC invocations=3 (full 0):
 PSYoungGen      total 72704K, used 66510K [0x000000076f100000, 0x0000000774200000, 0x00000007c0000000)
  eden space 62464K, 100% used [0x000000076f100000,0x0000000772e00000,0x0000000772e00000)
  from space 10240K, 39% used [0x0000000773800000,0x0000000773bf3a00,0x0000000774200000)
  to   space 10240K, 0% used [0x0000000772e00000,0x0000000772e00000,0x0000000773800000)
 ParOldGen       total 166912K, used 232K [0x00000006cd200000, 0x00000006d7500000, 0x000000076f100000)
  object space 166912K, 0% used [0x00000006cd200000,0x00000006cd23a020,0x00000006d7500000)
 Metaspace       used 12534K, capacity 12854K, committed 12928K, reserved 1060864K
  class space    used 1267K, capacity 1377K, committed 1408K, reserved 1048576K
Event: 74.041 GC heap after
Heap after GC invocations=3 (full 0):
 PSYoungGen      total 72704K, used 5010K [0x000000076f100000, 0x0000000777f00000, 0x00000007c0000000)
  eden space 62464K, 0% used [0x000000076f100000,0x000000076f100000,0x0000000772e00000)
  from space 10240K, 48% used [0x0000000772e00000,0x00000007732e4918,0x0000000773800000)
  to   space 10240K, 0% used [0x0000000777500000,0x0000000777500000,0x0000000777f00000)
 ParOldGen       total 166912K, used 240K [0x00000006cd200000, 0x00000006d7500000, 0x000000076f100000)
  object space 166912K, 0% used [0x00000006cd200000,0x00000006cd23c020,0x00000006d7500000)
 Metaspace       used 12534K, capacity 12854K, committed 12928K, reserved 1060864K
  class space    used 1267K, capacity 1377K, committed 1408K, reserved 1048576K
}
Event: 74.158 GC heap before
{Heap before GC invocations=4 (full 0):
 PSYoungGen      total 72704K, used 67474K [0x000000076f100000, 0x0000000777f00000, 0x00000007c0000000)
  eden space 62464K, 100% used [0x000000076f100000,0x0000000772e00000,0x0000000772e00000)
  from space 10240K, 48% used [0x0000000772e00000,0x00000007732e4918,0x0000000773800000)
  to   space 10240K, 0% used [0x0000000777500000,0x0000000777500000,0x0000000777f00000)
 ParOldGen       total 166912K, used 240K [0x00000006cd200000, 0x00000006d7500000, 0x000000076f100000)
  object space 166912K, 0% used [0x00000006cd200000,0x00000006cd23c020,0x00000006d7500000)
 Metaspace       used 12566K, capacity 12918K, committed 13184K, reserved 1060864K
  class space    used 1267K, capacity 1377K, committed 1408K, reserved 1048576K
Event: 74.167 GC heap after
Heap after GC invocations=4 (full 0):
 PSYoungGen      total 135168K, used 6041K [0x000000076f100000, 0x0000000777f00000, 0x00000007c0000000)
  eden space 124928K, 0% used [0x000000076f100000,0x000000076f100000,0x0000000776b00000)
  from space 10240K, 58% used [0x0000000777500000,0x0000000777ae6580,0x0000000777f00000)
  to   space 10240K, 0% used [0x0000000776b00000,0x0000000776b00000,0x0000000777500000)
 ParOldGen       total 166912K, used 248K [0x00000006cd200000, 0x00000006d7500000, 0x000000076f100000)
  object space 166912K, 0% used [0x00000006cd200000,0x00000006cd23e020,0x00000006d7500000)
 Metaspace       used 12566K, capacity 12918K, committed 13184K, reserved 1060864K
  class space    used 1267K, capacity 1377K, committed 1408K, reserved 1048576K
}
Event: 74.438 GC heap before
{Heap before GC invocations=5 (full 0):
 PSYoungGen      total 135168K, used 130969K [0x000000076f100000, 0x0000000777f00000, 0x00000007c0000000)
  eden space 124928K, 100% used [0x000000076f100000,0x0000000776b00000,0x0000000776b00000)
  from space 10240K, 58% used [0x0000000777500000,0x0000000777ae6580,0x0000000777f00000)
  to   space 10240K, 0% used [0x0000000776b00000,0x0000000776b00000,0x0000000777500000)
 ParOldGen       total 166912K, used 248K [0x00000006cd200000, 0x00000006d7500000, 0x000000076f100000)
  object space 166912K, 0% used [0x00000006cd200000,0x00000006cd23e020,0x00000006d7500000)
 Metaspace       used 12574K, capacity 12918K, committed 13184K, reserved 1060864K
  class space    used 1268K, capacity 1377K, committed 1408K, reserved 1048576K
Event: 74.460 GC heap after
Heap after GC invocations=5 (full 0):
 PSYoungGen      total 135168K, used 8237K [0x000000076f100000, 0x000000077f600000, 0x00000007c0000000)
  eden space 124928K, 0% used [0x000000076f100000,0x000000076f100000,0x0000000776b00000)
  from space 10240K, 80% used [0x0000000776b00000,0x000000077730b560,0x0000000777500000)
  to   space 8704K, 0% used [0x000000077ed80000,0x000000077ed80000,0x000000077f600000)
 ParOldGen       total 166912K, used 256K [0x00000006cd200000, 0x00000006d7500000, 0x000000076f100000)
  object space 166912K, 0% used [0x00000006cd200000,0x00000006cd240020,0x00000006d7500000)
 Metaspace       used 12574K, capacity 12918K, committed 13184K, reserved 1060864K
  class space    used 1268K, capacity 1377K, committed 1408K, reserved 1048576K
}
Event: 74.631 GC heap before
{Heap before GC invocations=6 (full 0):
 PSYoungGen      total 135168K, used 133165K [0x000000076f100000, 0x000000077f600000, 0x00000007c0000000)
  eden space 124928K, 100% used [0x000000076f100000,0x0000000776b00000,0x0000000776b00000)
  from space 10240K, 80% used [0x0000000776b00000,0x000000077730b560,0x0000000777500000)
  to   space 8704K, 0% used [0x000000077ed80000,0x000000077ed80000,0x000000077f600000)
 ParOldGen       total 166912K, used 256K [0x00000006cd200000, 0x00000006d7500000, 0x000000076f100000)
  object space 166912K, 0% used [0x00000006cd200000,0x00000006cd240020,0x00000006d7500000)
 Metaspace       used 12588K, capacity 12982K, committed 13184K, reserved 1060864K
  class space    used 1268K, capacity 1377K, committed 1408K, reserved 1048576K
Event: 74.636 GC heap after
Heap after GC invocations=6 (full 0):
 PSYoungGen      total 256000K, used 8689K [0x000000076f100000, 0x000000077fb00000, 0x00000007c0000000)
  eden space 247296K, 0% used [0x000000076f100000,0x000000076f100000,0x000000077e280000)
  from space 8704K, 99% used [0x000000077ed80000,0x000000077f5fc5f8,0x000000077f600000)
  to   space 11264K, 0% used [0x000000077e280000,0x000000077e280000,0x000000077ed80000)
 ParOldGen       total 166912K, used 1673K [0x00000006cd200000, 0x00000006d7500000, 0x000000076f100000)
  object space 166912K, 1% used [0x00000006cd200000,0x00000006cd3a2730,0x00000006d7500000)
 Metaspace       used 12588K, capacity 12982K, committed 13184K, reserved 1060864K
  class space    used 1268K, capacity 1377K, committed 1408K, reserved 1048576K
}
Event: 80.066 GC heap before
{Heap before GC invocations=7 (full 0):
 PSYoungGen      total 256000K, used 255985K [0x000000076f100000, 0x000000077fb00000, 0x00000007c0000000)
  eden space 247296K, 100% used [0x000000076f100000,0x000000077e280000,0x000000077e280000)
  from space 8704K, 99% used [0x000000077ed80000,0x000000077f5fc5f8,0x000000077f600000)
  to   space 11264K, 0% used [0x000000077e280000,0x000000077e280000,0x000000077ed80000)
 ParOldGen       total 166912K, used 1673K [0x00000006cd200000, 0x00000006d7500000, 0x000000076f100000)
  object space 166912K, 1% used [0x00000006cd200000,0x00000006cd3a2730,0x00000006d7500000)
 Metaspace       used 12644K, capacity 13016K, committed 13184K, reserved 1060864K
  class space    used 1275K, capacity 1388K, committed 1408K, reserved 1048576K
Event: 80.141 GC heap after
Heap after GC invocations=7 (full 0):
 PSYoungGen      total 258560K, used 5664K [0x000000076f100000, 0x000000078e900000, 0x00000007c0000000)
  eden space 247296K, 0% used [0x000000076f100000,0x000000076f100000,0x000000077e280000)
  from space 11264K, 50% used [0x000000077e280000,0x000000077e8080c0,0x000000077ed80000)
  to   space 10752K, 0% used [0x000000078de80000,0x000000078de80000,0x000000078e900000)
 ParOldGen       total 166912K, used 5115K [0x00000006cd200000, 0x00000006d7500000, 0x000000076f100000)
  object space 166912K, 3% used [0x00000006cd200000,0x00000006cd6fee88,0x00000006d7500000)
 Metaspace       used 12644K, capacity 13016K, committed 13184K, reserved 1060864K
  class space    used 1275K, capacity 1388K, committed 1408K, reserved 1048576K
}
Event: 81.921 GC heap before
{Heap before GC invocations=8 (full 0):
 PSYoungGen      total 258560K, used 252960K [0x000000076f100000, 0x000000078e900000, 0x00000007c0000000)
  eden space 247296K, 100% used [0x000000076f100000,0x000000077e280000,0x000000077e280000)
  from space 11264K, 50% used [0x000000077e280000,0x000000077e8080c0,0x000000077ed80000)
  to   space 10752K, 0% used [0x000000078de80000,0x000000078de80000,0x000000078e900000)
 ParOldGen       total 166912K, used 5115K [0x00000006cd200000, 0x00000006d7500000, 0x000000076f100000)
  object space 166912K, 3% used [0x00000006cd200000,0x00000006cd6fee88,0x00000006d7500000)
 Metaspace       used 12659K, capacity 13080K, committed 13184K, reserved 1060864K
  class space    used 1275K, capacity 1388K, committed 1408K, reserved 1048576K
Event: 81.924 GC heap after
Heap after GC invocations=8 (full 0):
 PSYoungGen      total 504320K, used 4124K [0x000000076f100000, 0x000000078e800000, 0x00000007c0000000)
  eden space 494592K, 0% used [0x000000076f100000,0x000000076f100000,0x000000078d400000)
  from space 9728K, 42% used [0x000000078de80000,0x000000078e2872d8,0x000000078e800000)
  to   space 10240K, 0% used [0x000000078d400000,0x000000078d400000,0x000000078de00000)
 ParOldGen       total 166912K, used 6682K [0x00000006cd200000, 0x00000006d7500000, 0x000000076f100000)
  object space 166912K, 4% used [0x00000006cd200000,0x00000006cd886a60,0x00000006d7500000)
 Metaspace       used 12659K, capacity 13080K, committed 13184K, reserved 1060864K
  class space    used 1275K, capacity 1388K, committed 1408K, reserved 1048576K
}
Event: 86.725 GC heap before
{Heap before GC invocations=9 (full 0):
 PSYoungGen      total 504320K, used 498716K [0x000000076f100000, 0x000000078e800000, 0x00000007c0000000)
  eden space 494592K, 100% used [0x000000076f100000,0x000000078d400000,0x000000078d400000)
  from space 9728K, 42% used [0x000000078de80000,0x000000078e2872d8,0x000000078e800000)
  to   space 10240K, 0% used [0x000000078d400000,0x000000078d400000,0x000000078de00000)
 ParOldGen       total 166912K, used 6682K [0x00000006cd200000, 0x00000006d7500000, 0x000000076f100000)
  object space 166912K, 4% used [0x00000006cd200000,0x00000006cd886a60,0x00000006d7500000)
 Metaspace       used 12663K, capacity 13080K, committed 13184K, reserved 1060864K
  class space    used 1275K, capacity 1388K, committed 1408K, reserved 1048576K
Event: 86.813 GC heap after
Heap after GC invocations=9 (full 0):
 PSYoungGen      total 504832K, used 764K [0x000000076f100000, 0x00000007a0b00000, 0x00000007c0000000)
  eden space 494592K, 0% used [0x000000076f100000,0x000000076f100000,0x000000078d400000)
  from space 10240K, 7% used [0x000000078d400000,0x000000078d4bf050,0x000000078de00000)
  to   space 10752K, 0% used [0x00000007a0080000,0x00000007a0080000,0x00000007a0b00000)
 ParOldGen       total 166912K, used 9827K [0x00000006cd200000, 0x00000006d7500000, 0x000000076f100000)
  object space 166912K, 5% used [0x00000006cd200000,0x00000006cdb98ed0,0x00000006d7500000)
 Metaspace       used 12663K, capacity 13080K, committed 13184K, reserved 1060864K
  class space    used 1275K, capacity 1388K, committed 1408K, reserved 1048576K
}
Event: 89.506 GC heap before
{Heap before GC invocations=10 (full 0):
 PSYoungGen      total 504832K, used 495356K [0x000000076f100000, 0x00000007a0b00000, 0x00000007c0000000)
  eden space 494592K, 100% used [0x000000076f100000,0x000000078d400000,0x000000078d400000)
  from space 10240K, 7% used [0x000000078d400000,0x000000078d4bf050,0x000000078de00000)
  to   space 10752K, 0% used [0x00000007a0080000,0x00000007a0080000,0x00000007a0b00000)
 ParOldGen       total 166912K, used 9827K [0x00000006cd200000, 0x00000006d7500000, 0x000000076f100000)
  object space 166912K, 5% used [0x00000006cd200000,0x00000006cdb98ed0,0x00000006d7500000)
 Metaspace       used 12666K, capacity 13080K, committed 13184K, reserved 1060864K
  class space    used 1275K, capacity 1388K, committed 1408K, reserved 1048576K
Event: 89.507 GC heap after
Heap after GC invocations=10 (full 0):
 PSYoungGen      total 801792K, used 256K [0x000000076f100000, 0x00000007a0c00000, 0x00000007c0000000)
  eden space 791040K, 0% used [0x000000076f100000,0x000000076f100000,0x000000079f580000)
  from space 10752K, 2% used [0x00000007a0080000,0x00000007a00c0010,0x00000007a0b00000)
  to   space 11264K, 0% used [0x000000079f580000,0x000000079f580000,0x00000007a0080000)
 ParOldGen       total 166912K, used 10360K [0x00000006cd200000, 0x00000006d7500000, 0x000000076f100000)
  object space 166912K, 6% used [0x00000006cd200000,0x00000006cdc1e038,0x00000006d7500000)
 Metaspace       used 12666K, capacity 13080K, committed 13184K, reserved 1060864K
  class space    used 1275K, capacity 1388K, committed 1408K, reserved 1048576K
}
Event: 99.167 GC heap before
{Heap before GC invocations=11 (full 0):
 PSYoungGen      total 801792K, used 791296K [0x000000076f100000, 0x00000007a0c00000, 0x00000007c0000000)
  eden space 791040K, 100% used [0x000000076f100000,0x000000079f580000,0x000000079f580000)
  from space 10752K, 2% used [0x00000007a0080000,0x00000007a00c0010,0x00000007a0b00000)
  to   space 11264K, 0% used [0x000000079f580000,0x000000079f580000,0x00000007a0080000)
 ParOldGen       total 166912K, used 10360K [0x00000006cd200000, 0x00000006d7500000, 0x000000076f100000)
  object space 166912K, 6% used [0x00000006cd200000,0x00000006cdc1e038,0x00000006d7500000)
 Metaspace       used 12700K, capacity 13084K, committed 13184K, reserved 1060864K
  class space    used 1277K, capacity 1388K, committed 1408K, reserved 1048576K

